<?xml version="1.0" encoding="UTF-8"?>
<!-- Generated by org.testng.reporters.JUnitReportReporter -->
<testsuite skipped="0" hostname="Suren-MacBook-Pro.local" name="runner.MercariPageRunner" tests="2" failures="0" timestamp="2023-08-27T14:45:52 JST" time="27.462" errors="0">
  <testcase name="runScenario" time="13.007" classname="runner.MercariPageRunner"/>
  <system-out/>
  <testcase name="runScenario" time="14.455" classname="runner.MercariPageRunner"/>
  <system-out/>
</testsuite> <!-- runner.MercariPageRunner -->
