<?xml version="1.0" encoding="UTF-8"?>
<!-- Generated by org.testng.reporters.JUnitReportReporter -->
<testsuite hostname="Suren-MacBook-Pro.local" failures="0" tests="2" name="runner.MercariPageRunner" time="39.894" errors="0" timestamp="2023-08-26T22:55:09 JST" skipped="0">
  <testcase classname="runner.MercariPageRunner" name="runScenario" time="14.893"/>
  <system-out/>
  <testcase classname="runner.MercariPageRunner" name="runScenario" time="25.001"/>
  <system-out/>
</testsuite> <!-- runner.MercariPageRunner -->
